\BOOKMARK [0][-]{chapter.1}{\376\377\000Z\000a\000d\000\341\000n\000\355}{}% 1
\BOOKMARK [0][-]{chapter.2}{\376\377\000A\000r\000c\000h\000i\000t\000e\000k\000t\000u\000r\000a\000\040\000a\000p\000l\000i\000k\000a\000c\000e}{}% 2
\BOOKMARK [1][-]{section.2.1}{\376\377\000O\000b\000e\000c\000n\000\341\000\040\000a\000r\000c\000h\000i\000t\000e\000k\000t\000u\000r\000a}{chapter.2}% 3
\BOOKMARK [1][-]{section.2.2}{\376\377\000A\000r\000c\000h\000i\000t\000e\000k\000t\000u\000r\000a\000\040\000s\000e\000r\000v\000l\000e\000t\001\157}{chapter.2}% 4
\BOOKMARK [1][-]{section.2.3}{\376\377\000A\000r\000c\000h\000i\000t\000e\000k\000t\000u\000r\000a\000\040\000e\000n\000t\000i\000t}{chapter.2}% 5
\BOOKMARK [1][-]{section.2.4}{\376\377\000A\000r\000c\000h\000i\000t\000e\000k\000t\000u\000r\000a\000\040\000M\000a\000n\000a\001\176\000e\000r\001\157}{chapter.2}% 6
\BOOKMARK [1][-]{section.2.5}{\376\377\000A\000r\000c\000h\000i\000t\000e\000k\000t\000u\000r\000a\000\040\000D\000a\000o}{chapter.2}% 7
\BOOKMARK [0][-]{chapter.3}{\376\377\000A\000p\000l\000i\000k\000a\000c\000e}{}% 8
\BOOKMARK [1][-]{section.3.1}{\376\377\000U\000s\000e\000\040\000c\000a\000s\000e}{chapter.3}% 9
\BOOKMARK [1][-]{section.3.2}{\376\377\000P\000r\000o\000h\000l\000\355\001\176\000e\000n\000\355\000\040\000s\000t\000r\000\341\000n\000e\000k}{chapter.3}% 10
\BOOKMARK [1][-]{section.3.3}{\376\377\000R\000e\000g\000i\000s\000t\000r\000a\000c\000e}{chapter.3}% 11
\BOOKMARK [1][-]{section.3.4}{\376\377\000P\001\131\000i\000h\000l\000\341\001\141\000e\000n\000\355}{chapter.3}% 12
\BOOKMARK [1][-]{section.3.5}{\376\377\000P\000r\000o\000h\000l\000\355\001\176\000e\000n\000\355\000\040\000u\001\176\000i\000v\000a\000t\000e\000l\001\157}{chapter.3}% 13
\BOOKMARK [1][-]{section.3.6}{\376\377\000\332\000p\000r\000a\000v\000a\000\040\000p\000r\000o\000f\000i\000l\000u}{chapter.3}% 14
\BOOKMARK [1][-]{section.3.7}{\376\377\000P\001\131\000\341\000t\000e\000l\000s\000t\000v\000\355}{chapter.3}% 15
\BOOKMARK [1][-]{section.3.8}{\376\377\000S\000t\000a\000t\000u\000s\000y}{chapter.3}% 16
\BOOKMARK [1][-]{section.3.9}{\376\377\000Z\000e\001\017}{chapter.3}% 17
\BOOKMARK [0][-]{chapter.4}{\376\377\000M\000o\000d\000u\000l\000y}{}% 18
\BOOKMARK [1][-]{section.4.1}{\376\377\000S\000e\000r\000v\000l\000e\000t\000y}{chapter.4}% 19
\BOOKMARK [2][-]{subsection.4.1.1}{\376\377\000I\000n\000d\000e\000x}{section.4.1}% 20
\BOOKMARK [2][-]{subsection.4.1.2}{\376\377\000I\000n\000f\000o\000r\000m\000a\000t\000i\000o\000n}{section.4.1}% 21
\BOOKMARK [2][-]{subsection.4.1.3}{\376\377\000R\000e\000a\000c\000t\000i\000o\000n}{section.4.1}% 22
\BOOKMARK [2][-]{subsection.4.1.4}{\376\377\000U\000s\000e\000r\000s}{section.4.1}% 23
\BOOKMARK [2][-]{subsection.4.1.5}{\376\377\000P\000r\000o\000f\000i\000l\000e}{section.4.1}% 24
\BOOKMARK [2][-]{subsection.4.1.6}{\376\377\000R\000e\000g\000i\000s\000t\000e\000r}{section.4.1}% 25
\BOOKMARK [2][-]{subsection.4.1.7}{\376\377\000L\000o\000g\000i\000n}{section.4.1}% 26
\BOOKMARK [2][-]{subsection.4.1.8}{\376\377\000W\000e\000l\000c\000o\000m\000e}{section.4.1}% 27
\BOOKMARK [2][-]{subsection.4.1.9}{\376\377\000L\000o\000g\000o\000u\000t}{section.4.1}% 28
\BOOKMARK [2][-]{subsection.4.1.10}{\376\377\000F\000r\000i\000e\000n\000d\000s}{section.4.1}% 29
\BOOKMARK [2][-]{subsection.4.1.11}{\376\377\000F\000r\000i\000e\000n\000d}{section.4.1}% 30
\BOOKMARK [2][-]{subsection.4.1.12}{\376\377\000F\000r\000i\000e\000n\000d\000A\000p\000p\000r\000o\000v\000e}{section.4.1}% 31
\BOOKMARK [2][-]{subsection.4.1.13}{\376\377\000F\000r\000i\000e\000n\000d\000D\000e\000l\000e\000t\000e}{section.4.1}% 32
\BOOKMARK [2][-]{subsection.4.1.14}{\376\377\000W\000a\000l\000l}{section.4.1}% 33
\BOOKMARK [2][-]{subsection.4.1.15}{\376\377\000L\000i\000k\000e}{section.4.1}% 34
\BOOKMARK [2][-]{subsection.4.1.16}{\376\377\000H\000a\000t\000e}{section.4.1}% 35
\BOOKMARK [2][-]{subsection.4.1.17}{\376\377\000U\000p\000l\000o\000a\000d}{section.4.1}% 36
\BOOKMARK [1][-]{section.4.2}{\376\377\000M\000a\000n\000a\001\176\000e\001\131\000i}{chapter.4}% 37
\BOOKMARK [1][-]{section.4.3}{\376\377\000D\000a\000o}{chapter.4}% 38
\BOOKMARK [1][-]{section.4.4}{\376\377\000E\000n\000t\000i\000t\000y}{chapter.4}% 39
\BOOKMARK [0][-]{chapter.5}{\376\377\000T\000e\000s\000t\000o\000v\000a\000c\000\355\000\040\000d\000a\000t\000a}{}% 40
\BOOKMARK [0][-]{chapter.6}{\376\377\000U\001\176\000i\000v\000a\000t\000e\000l\000s\000k\000\341\000\040\000d\000o\000k\000u\000m\000e\000n\000t\000a\000c\000e}{}% 41
